[2025-06-11 23:31:00] [INFO] 运动学计算器初始化完成
[2025-06-11 23:31:00] [INFO] 串口通信器初始化完成
[2025-06-11 23:31:00] [INFO] 自动化控制器初始化完成
[2025-06-11 23:31:00] [INFO] 用户界面初始化完成
[2025-06-11 23:31:00] [INFO] 3D可视化初始化完成
[2025-06-11 23:31:00] [INFO] 设置加载完成
[2025-06-11 23:31:00] [INFO] 发现 4 个串口: ['COM6', 'COM3', 'COM4', 'COM5']
[2025-06-11 23:31:01] [INFO] 应用程序启动完成，耗时: 1.64秒
[2025-06-11 23:31:01] [INFO] 应用程序开始运行
[2025-06-11 23:32:32] [INFO] 逆运动学计算完成，误差: 0.00mm
[2025-06-11 23:34:21] [INFO] 运动学计算器初始化完成
[2025-06-11 23:34:21] [INFO] 串口通信器初始化完成
[2025-06-11 23:34:21] [INFO] 自动化控制器初始化完成
[2025-06-11 23:34:21] [INFO] 用户界面初始化完成
[2025-06-11 23:34:22] [INFO] 3D可视化初始化完成
[2025-06-11 23:34:22] [INFO] 设置加载完成
[2025-06-11 23:34:22] [INFO] 发现 4 个串口: ['COM6', 'COM3', 'COM4', 'COM5']
[2025-06-11 23:34:22] [INFO] 应用程序启动完成，耗时: 1.53秒
[2025-06-11 23:34:22] [INFO] 应用程序开始运行
[2025-06-11 23:36:04] [INFO] 逆运动学计算完成，误差: 0.00mm
[2025-06-11 23:36:34] [INFO] 逆运动学计算完成，误差: 0.00mm
[2025-06-11 23:38:10] [INFO] 运动学计算器初始化完成
[2025-06-11 23:38:10] [INFO] 串口通信器初始化完成
[2025-06-11 23:38:10] [INFO] 自动化控制器初始化完成
[2025-06-11 23:38:10] [INFO] 用户界面初始化完成
[2025-06-11 23:38:11] [INFO] 3D可视化初始化完成
[2025-06-11 23:38:11] [INFO] 设置加载完成
[2025-06-11 23:38:11] [INFO] 发现 4 个串口: ['COM6', 'COM3', 'COM4', 'COM5']
[2025-06-11 23:38:11] [INFO] 应用程序启动完成，耗时: 1.49秒
[2025-06-11 23:38:11] [INFO] 应用程序开始运行
[2025-06-11 23:38:22] [INFO] 逆运动学计算完成，误差: 0.00mm
[2025-06-11 23:38:52] [INFO] 逆运动学计算完成，误差: 0.00mm
[2025-06-11 23:39:00] [INFO] 逆运动学计算完成，误差: 93.54mm
[2025-06-11 23:39:10] [INFO] 逆运动学计算完成，误差: 93.55mm
[2025-06-11 23:39:14] [INFO] 逆运动学计算完成，误差: 93.39mm
[2025-06-11 23:39:18] [INFO] 逆运动学计算完成，误差: 93.39mm
[2025-06-11 23:40:04] [INFO] 逆运动学计算完成，误差: 0.00mm
[2025-06-11 23:40:42] [INFO] 应用程序设置保存成功
[2025-06-11 23:40:42] [INFO] 应用程序正常退出
[2025-06-11 23:42:41] [INFO] 运动学计算器初始化完成
[2025-06-11 23:42:41] [INFO] 串口通信器初始化完成
[2025-06-11 23:42:41] [INFO] 自动化控制器初始化完成
[2025-06-11 23:42:42] [INFO] 用户界面初始化完成
[2025-06-11 23:42:42] [INFO] 3D可视化初始化完成
[2025-06-11 23:42:42] [INFO] 设置加载完成
[2025-06-11 23:42:42] [INFO] 发现 4 个串口: ['COM6', 'COM3', 'COM4', 'COM5']
[2025-06-11 23:42:42] [INFO] 应用程序启动完成，耗时: 1.51秒
[2025-06-11 23:42:42] [INFO] 应用程序开始运行
[2025-06-11 23:46:28] [INFO] 运动学计算器初始化完成
[2025-06-11 23:46:28] [INFO] 串口通信器初始化完成
[2025-06-11 23:46:28] [INFO] 自动化控制器初始化完成
[2025-06-11 23:46:29] [INFO] 用户界面初始化完成
[2025-06-11 23:46:29] [INFO] 3D可视化初始化完成
[2025-06-11 23:46:29] [INFO] 设置加载完成
[2025-06-11 23:46:29] [INFO] 发现 4 个串口: ['COM6', 'COM3', 'COM4', 'COM5']
[2025-06-11 23:46:29] [INFO] 应用程序启动完成，耗时: 1.47秒
[2025-06-11 23:46:29] [INFO] 应用程序开始运行
[2025-06-11 23:49:28] [INFO] 运动学计算器初始化完成
[2025-06-11 23:49:28] [INFO] 串口通信器初始化完成
[2025-06-11 23:49:28] [INFO] 自动化控制器初始化完成
[2025-06-11 23:49:28] [INFO] 用户界面初始化完成
[2025-06-11 23:49:28] [INFO] 3D可视化初始化完成
[2025-06-11 23:49:28] [INFO] 设置加载完成
[2025-06-11 23:49:28] [INFO] 发现 4 个串口: ['COM6', 'COM3', 'COM4', 'COM5']
[2025-06-11 23:49:28] [INFO] 应用程序启动完成，耗时: 1.46秒
[2025-06-11 23:49:28] [INFO] 应用程序开始运行
[2025-06-11 23:49:59] [INFO] 逆运动学计算完成，误差: 0.00mm
[2025-06-11 23:50:05] [INFO] 逆运动学计算完成，误差: 82.23mm
[2025-06-11 23:50:07] [INFO] 逆运动学计算完成，误差: 79.32mm
[2025-06-11 23:50:33] [INFO] 逆运动学计算完成，误差: 0.00mm
[2025-06-12 00:01:15] [INFO] 逆运动学计算完成，误差: 62.04mm
[2025-06-12 00:22:56] [INFO] 运动学计算器初始化完成
[2025-06-12 00:22:56] [INFO] 串口通信器初始化完成
[2025-06-12 00:22:56] [INFO] 自动化控制器初始化完成
[2025-06-12 00:22:56] [INFO] 用户界面初始化完成
[2025-06-12 00:22:57] [INFO] 3D可视化初始化完成
[2025-06-12 00:22:57] [INFO] 设置加载完成
[2025-06-12 00:22:57] [INFO] 发现 4 个串口: ['COM6', 'COM3', 'COM4', 'COM5']
[2025-06-12 00:22:57] [INFO] 应用程序启动完成，耗时: 1.53秒
[2025-06-12 00:22:57] [INFO] 应用程序开始运行
[2025-06-12 00:23:10] [ERROR] 逆运动学计算失败: 无法找到有效 IK 解
[2025-06-12 00:28:07] [INFO] 应用程序设置保存成功
[2025-06-12 00:28:07] [INFO] 应用程序正常退出
